2023-03-14T22:29:33.183+01:00  INFO 17568 --- [restartedMain] c.r.taskmanager.TaskmanagerApplication   : Starting TaskmanagerApplication using Java 18.0.1.1 with PID 17568 (C:\Users\JAVA\IdeaProjects\TaskManager\target\classes started by JAVA in C:\Users\JAVA\IdeaProjects\TaskManager)
2023-03-14T22:29:33.183+01:00  INFO 17568 --- [restartedMain] c.r.taskmanager.TaskmanagerApplication   : The following 1 profile is active: "dev"
2023-03-14T22:29:33.362+01:00  INFO 17568 --- [restartedMain] .e.DevToolsPropertyDefaultsPostProcessor : Devtools property defaults active! Set 'spring.devtools.add-properties' to 'false' to disable
2023-03-14T22:29:33.362+01:00  INFO 17568 --- [restartedMain] .e.DevToolsPropertyDefaultsPostProcessor : For additional web related logging consider setting the 'logging.level.web' property to 'DEBUG'
2023-03-14T22:29:36.257+01:00  INFO 17568 --- [restartedMain] .s.d.r.c.RepositoryConfigurationDelegate : Bootstrapping Spring Data JPA repositories in DEFAULT mode.
2023-03-14T22:29:36.367+01:00  INFO 17568 --- [restartedMain] .s.d.r.c.RepositoryConfigurationDelegate : Finished Spring Data repository scanning in 88 ms. Found 2 JPA repository interfaces.
2023-03-14T22:29:37.590+01:00  INFO 17568 --- [restartedMain] o.s.b.w.embedded.tomcat.TomcatWebServer  : Tomcat initialized with port(s): 8080 (http)
2023-03-14T22:29:37.605+01:00  INFO 17568 --- [restartedMain] o.apache.catalina.core.StandardService   : Starting service [Tomcat]
2023-03-14T22:29:37.605+01:00  INFO 17568 --- [restartedMain] o.apache.catalina.core.StandardEngine    : Starting Servlet engine: [Apache Tomcat/10.1.5]
2023-03-14T22:29:37.752+01:00  INFO 17568 --- [restartedMain] o.a.c.c.C.[Tomcat].[localhost].[/]       : Initializing Spring embedded WebApplicationContext
2023-03-14T22:29:37.753+01:00  INFO 17568 --- [restartedMain] w.s.c.ServletWebServerApplicationContext : Root WebApplicationContext: initialization completed in 4375 ms
2023-03-14T22:29:37.813+01:00  INFO 17568 --- [restartedMain] com.zaxxer.hikari.HikariDataSource       : HikariPool-1 - Starting...
2023-03-14T22:29:38.292+01:00  INFO 17568 --- [restartedMain] com.zaxxer.hikari.pool.HikariPool        : HikariPool-1 - Added connection conn0: url=jdbc:h2:file:./data/sample user=ADMIN
2023-03-14T22:29:38.292+01:00  INFO 17568 --- [restartedMain] com.zaxxer.hikari.HikariDataSource       : HikariPool-1 - Start completed.
2023-03-14T22:29:38.308+01:00  INFO 17568 --- [restartedMain] o.s.b.a.h2.H2ConsoleAutoConfiguration    : H2 console available at '/h2-console'. Database available at 'jdbc:h2:file:./data/sample'
2023-03-14T22:29:38.600+01:00  INFO 17568 --- [restartedMain] o.hibernate.jpa.internal.util.LogHelper  : HHH000204: Processing PersistenceUnitInfo [name: default]
2023-03-14T22:29:38.749+01:00  INFO 17568 --- [restartedMain] org.hibernate.Version                    : HHH000412: Hibernate ORM core version 6.1.7.Final
2023-03-14T22:29:39.556+01:00  INFO 17568 --- [restartedMain] SQL dialect                              : HHH000400: Using dialect: org.hibernate.dialect.H2Dialect
2023-03-14T22:29:41.176+01:00  INFO 17568 --- [restartedMain] o.h.e.t.j.p.i.JtaPlatformInitiator       : HHH000490: Using JtaPlatform implementation: [org.hibernate.engine.transaction.jta.platform.internal.NoJtaPlatform]
2023-03-14T22:29:41.190+01:00  INFO 17568 --- [restartedMain] j.LocalContainerEntityManagerFactoryBean : Initialized JPA EntityManagerFactory for persistence unit 'default'
2023-03-14T22:29:42.847+01:00  WARN 17568 --- [restartedMain] JpaBaseConfiguration$JpaWebConfiguration : spring.jpa.open-in-view is enabled by default. Therefore, database queries may be performed during view rendering. Explicitly configure spring.jpa.open-in-view to disable this warning
2023-03-14T22:29:45.085+01:00  INFO 17568 --- [restartedMain] o.s.b.d.a.OptionalLiveReloadServer       : LiveReload server is running on port 35729
2023-03-14T22:29:45.163+01:00  INFO 17568 --- [restartedMain] o.s.b.w.embedded.tomcat.TomcatWebServer  : Tomcat started on port(s): 8080 (http) with context path ''
2023-03-14T22:29:45.179+01:00  INFO 17568 --- [restartedMain] c.r.taskmanager.TaskmanagerApplication   : Started TaskmanagerApplication in 13.205 seconds (process running for 14.588)
2023-03-14T22:30:39.011+01:00  INFO 17568 --- [http-nio-8080-exec-1] o.a.c.c.C.[Tomcat].[localhost].[/]       : Initializing Spring DispatcherServlet 'dispatcherServlet'
2023-03-14T22:30:39.015+01:00  INFO 17568 --- [http-nio-8080-exec-1] o.s.web.servlet.DispatcherServlet        : Initializing Servlet 'dispatcherServlet'
2023-03-14T22:30:39.018+01:00  INFO 17568 --- [http-nio-8080-exec-1] o.s.web.servlet.DispatcherServlet        : Completed initialization in 2 ms
2023-03-14T22:30:40.579+01:00  INFO 17568 --- [http-nio-8080-exec-6] o.springdoc.api.AbstractOpenApiResource  : Init duration for springdoc-openapi is: 771 ms
2023-03-14T22:30:44.726+01:00  INFO 17568 --- [http-nio-8080-exec-7] c.r.t.controllers.UserController         : Get all users
2023-03-14T22:37:10.711+01:00  INFO 17568 --- [SpringApplicationShutdownHook] j.LocalContainerEntityManagerFactoryBean : Closing JPA EntityManagerFactory for persistence unit 'default'
2023-03-14T22:37:10.727+01:00  INFO 17568 --- [SpringApplicationShutdownHook] com.zaxxer.hikari.HikariDataSource       : HikariPool-1 - Shutdown initiated...
2023-03-14T22:37:10.727+01:00  INFO 17568 --- [SpringApplicationShutdownHook] com.zaxxer.hikari.HikariDataSource       : HikariPool-1 - Shutdown completed.
2023-03-14 22:37:18 [restartedMain] INFO  c.r.t.TaskmanagerApplication - Starting TaskmanagerApplication using Java 18.0.1.1 with PID 18544 (C:\Users\JAVA\IdeaProjects\TaskManager\target\classes started by JAVA in C:\Users\JAVA\IdeaProjects\TaskManager)
2023-03-14 22:37:18 [restartedMain] INFO  c.r.t.TaskmanagerApplication - The following 1 profile is active: "dev"
2023-03-14 22:37:18 [restartedMain] INFO  o.s.b.d.e.DevToolsPropertyDefaultsPostProcessor - Devtools property defaults active! Set 'spring.devtools.add-properties' to 'false' to disable
2023-03-14 22:37:18 [restartedMain] INFO  o.s.b.d.e.DevToolsPropertyDefaultsPostProcessor - For additional web related logging consider setting the 'logging.level.web' property to 'DEBUG'
2023-03-14 22:37:20 [restartedMain] INFO  o.s.d.r.c.RepositoryConfigurationDelegate - Bootstrapping Spring Data JPA repositories in DEFAULT mode.
2023-03-14 22:37:20 [restartedMain] INFO  o.s.d.r.c.RepositoryConfigurationDelegate - Finished Spring Data repository scanning in 153 ms. Found 2 JPA repository interfaces.
2023-03-14 22:37:23 [restartedMain] INFO  o.s.b.w.e.tomcat.TomcatWebServer - Tomcat initialized with port(s): 8080 (http)
2023-03-14 22:37:23 [restartedMain] INFO  o.a.catalina.core.StandardService - Starting service [Tomcat]
2023-03-14 22:37:23 [restartedMain] INFO  o.a.catalina.core.StandardEngine - Starting Servlet engine: [Apache Tomcat/10.1.5]
2023-03-14 22:37:23 [restartedMain] INFO  o.a.c.c.C.[Tomcat].[localhost].[/] - Initializing Spring embedded WebApplicationContext
2023-03-14 22:37:23 [restartedMain] INFO  o.s.b.w.s.c.ServletWebServerApplicationContext - Root WebApplicationContext: initialization completed in 5241 ms
2023-03-14 22:37:23 [restartedMain] INFO  com.zaxxer.hikari.HikariDataSource - HikariPool-1 - Starting...
2023-03-14 22:37:24 [restartedMain] INFO  com.zaxxer.hikari.pool.HikariPool - HikariPool-1 - Added connection conn0: url=jdbc:h2:file:./data/sample user=ADMIN
2023-03-14 22:37:24 [restartedMain] INFO  com.zaxxer.hikari.HikariDataSource - HikariPool-1 - Start completed.
2023-03-14 22:37:24 [restartedMain] INFO  o.s.b.a.h.H2ConsoleAutoConfiguration - H2 console available at '/h2-console'. Database available at 'jdbc:h2:file:./data/sample'
2023-03-14 22:37:24 [restartedMain] INFO  o.h.jpa.internal.util.LogHelper - HHH000204: Processing PersistenceUnitInfo [name: default]
2023-03-14 22:37:24 [restartedMain] INFO  org.hibernate.Version - HHH000412: Hibernate ORM core version 6.1.7.Final
2023-03-14 22:37:25 [restartedMain] INFO  SQL dialect - HHH000400: Using dialect: org.hibernate.dialect.H2Dialect
2023-03-14 22:37:26 [restartedMain] INFO  o.h.e.t.j.p.i.JtaPlatformInitiator - HHH000490: Using JtaPlatform implementation: [org.hibernate.engine.transaction.jta.platform.internal.NoJtaPlatform]
2023-03-14 22:37:26 [restartedMain] INFO  o.s.o.j.LocalContainerEntityManagerFactoryBean - Initialized JPA EntityManagerFactory for persistence unit 'default'
2023-03-14 22:37:27 [restartedMain] WARN  o.s.b.a.o.j.JpaBaseConfiguration$JpaWebConfiguration - spring.jpa.open-in-view is enabled by default. Therefore, database queries may be performed during view rendering. Explicitly configure spring.jpa.open-in-view to disable this warning
2023-03-14 22:37:30 [restartedMain] INFO  o.s.b.d.a.OptionalLiveReloadServer - LiveReload server is running on port 35729
2023-03-14 22:37:30 [restartedMain] INFO  o.s.b.w.e.tomcat.TomcatWebServer - Tomcat started on port(s): 8080 (http) with context path ''
2023-03-14 22:37:30 [restartedMain] INFO  c.r.t.TaskmanagerApplication - Started TaskmanagerApplication in 13.278 seconds (process running for 14.54)
2023-03-14 22:39:59 [http-nio-8080-exec-1] INFO  o.a.c.c.C.[Tomcat].[localhost].[/] - Initializing Spring DispatcherServlet 'dispatcherServlet'
2023-03-14 22:39:59 [http-nio-8080-exec-1] INFO  o.s.web.servlet.DispatcherServlet - Initializing Servlet 'dispatcherServlet'
2023-03-14 22:39:59 [http-nio-8080-exec-1] INFO  o.s.web.servlet.DispatcherServlet - Completed initialization in 16 ms
2023-03-14 22:39:59 [http-nio-8080-exec-1] INFO  c.r.t.controllers.UserController - Get all users
2023-03-14 22:40:21 [http-nio-8080-exec-2] INFO  c.r.t.controllers.UserController - Get all users
2023-03-14 22:40:42 [http-nio-8080-exec-3] WARN  o.s.w.s.m.m.a.ExceptionHandlerExceptionResolver - Resolved [com.recruitment.taskmanager.exceptions.ResourceNotFoundException: User with ID :5 Not Found]
2023-03-14 22:53:24 [SpringApplicationShutdownHook] INFO  o.s.o.j.LocalContainerEntityManagerFactoryBean - Closing JPA EntityManagerFactory for persistence unit 'default'
2023-03-14 22:53:24 [SpringApplicationShutdownHook] INFO  com.zaxxer.hikari.HikariDataSource - HikariPool-1 - Shutdown initiated...
2023-03-14 22:53:24 [SpringApplicationShutdownHook] INFO  com.zaxxer.hikari.HikariDataSource - HikariPool-1 - Shutdown completed.
2023-03-14 22:53:38 [restartedMain] INFO  c.r.t.TaskmanagerApplication - Starting TaskmanagerApplication using Java 18.0.1.1 with PID 7548 (C:\Users\JAVA\IdeaProjects\TaskManager\target\classes started by JAVA in C:\Users\JAVA\IdeaProjects\TaskManager)
2023-03-14 22:53:38 [restartedMain] INFO  c.r.t.TaskmanagerApplication - The following 1 profile is active: "dev"
2023-03-14 22:53:38 [restartedMain] INFO  o.s.b.d.e.DevToolsPropertyDefaultsPostProcessor - Devtools property defaults active! Set 'spring.devtools.add-properties' to 'false' to disable
2023-03-14 22:53:38 [restartedMain] INFO  o.s.b.d.e.DevToolsPropertyDefaultsPostProcessor - For additional web related logging consider setting the 'logging.level.web' property to 'DEBUG'
2023-03-14 22:53:41 [restartedMain] INFO  o.s.d.r.c.RepositoryConfigurationDelegate - Bootstrapping Spring Data JPA repositories in DEFAULT mode.
2023-03-14 22:53:41 [restartedMain] INFO  o.s.d.r.c.RepositoryConfigurationDelegate - Finished Spring Data repository scanning in 117 ms. Found 2 JPA repository interfaces.
2023-03-14 22:53:43 [restartedMain] INFO  o.s.b.w.e.tomcat.TomcatWebServer - Tomcat initialized with port(s): 8080 (http)
2023-03-14 22:53:43 [restartedMain] INFO  o.a.catalina.core.StandardService - Starting service [Tomcat]
2023-03-14 22:53:43 [restartedMain] INFO  o.a.catalina.core.StandardEngine - Starting Servlet engine: [Apache Tomcat/10.1.5]
2023-03-14 22:53:43 [restartedMain] INFO  o.a.c.c.C.[Tomcat].[localhost].[/] - Initializing Spring embedded WebApplicationContext
2023-03-14 22:53:43 [restartedMain] INFO  o.s.b.w.s.c.ServletWebServerApplicationContext - Root WebApplicationContext: initialization completed in 5290 ms
2023-03-14 22:53:43 [restartedMain] INFO  com.zaxxer.hikari.HikariDataSource - HikariPool-1 - Starting...
2023-03-14 22:53:44 [restartedMain] INFO  com.zaxxer.hikari.pool.HikariPool - HikariPool-1 - Added connection conn0: url=jdbc:h2:file:./data/sample user=ADMIN
2023-03-14 22:53:44 [restartedMain] INFO  com.zaxxer.hikari.HikariDataSource - HikariPool-1 - Start completed.
2023-03-14 22:53:44 [restartedMain] INFO  o.s.b.a.h.H2ConsoleAutoConfiguration - H2 console available at '/h2-console'. Database available at 'jdbc:h2:file:./data/sample'
2023-03-14 22:53:44 [restartedMain] INFO  o.h.jpa.internal.util.LogHelper - HHH000204: Processing PersistenceUnitInfo [name: default]
2023-03-14 22:53:44 [restartedMain] INFO  org.hibernate.Version - HHH000412: Hibernate ORM core version 6.1.7.Final
2023-03-14 22:53:45 [restartedMain] INFO  SQL dialect - HHH000400: Using dialect: org.hibernate.dialect.H2Dialect
2023-03-14 22:53:46 [restartedMain] INFO  o.h.e.t.j.p.i.JtaPlatformInitiator - HHH000490: Using JtaPlatform implementation: [org.hibernate.engine.transaction.jta.platform.internal.NoJtaPlatform]
2023-03-14 22:53:46 [restartedMain] INFO  o.s.o.j.LocalContainerEntityManagerFactoryBean - Initialized JPA EntityManagerFactory for persistence unit 'default'
2023-03-14 22:53:47 [restartedMain] WARN  o.s.b.a.o.j.JpaBaseConfiguration$JpaWebConfiguration - spring.jpa.open-in-view is enabled by default. Therefore, database queries may be performed during view rendering. Explicitly configure spring.jpa.open-in-view to disable this warning
2023-03-14 22:53:50 [restartedMain] INFO  o.s.b.d.a.OptionalLiveReloadServer - LiveReload server is running on port 35729
2023-03-14 22:53:50 [restartedMain] INFO  o.s.b.w.e.tomcat.TomcatWebServer - Tomcat started on port(s): 8080 (http) with context path ''
2023-03-14 22:53:50 [restartedMain] INFO  c.r.t.TaskmanagerApplication - Started TaskmanagerApplication in 13.878 seconds (process running for 15.209)
2023-03-14 22:55:59 [http-nio-8080-exec-1] INFO  o.a.c.c.C.[Tomcat].[localhost].[/] - Initializing Spring DispatcherServlet 'dispatcherServlet'
2023-03-14 22:55:59 [http-nio-8080-exec-1] INFO  o.s.web.servlet.DispatcherServlet - Initializing Servlet 'dispatcherServlet'
2023-03-14 22:55:59 [http-nio-8080-exec-1] INFO  o.s.web.servlet.DispatcherServlet - Completed initialization in 2 ms
2023-03-14 22:55:59 [http-nio-8080-exec-1] INFO  c.r.t.controllers.UserController - Getting info about user 1
2023-03-14 22:56:17 [http-nio-8080-exec-2] INFO  c.r.t.controllers.UserController - Deleting user 1
2023-03-14 22:56:47 [http-nio-8080-exec-3] WARN  o.s.w.s.m.s.DefaultHandlerExceptionResolver - Resolved [org.springframework.http.converter.HttpMessageNotReadableException: JSON parse error: Illegal unquoted character ((CTRL-CHAR, code 10)): has to be escaped using backslash to be included in string value]
2023-03-14 22:57:26 [http-nio-8080-exec-4] INFO  c.r.t.controllers.UserController - Creating new user
2023-03-14 22:58:09 [http-nio-8080-exec-5] INFO  c.r.t.controllers.TaskController - Creating new task
2023-03-14 23:02:26 [SpringApplicationShutdownHook] INFO  o.s.o.j.LocalContainerEntityManagerFactoryBean - Closing JPA EntityManagerFactory for persistence unit 'default'
2023-03-14 23:02:26 [SpringApplicationShutdownHook] INFO  com.zaxxer.hikari.HikariDataSource - HikariPool-1 - Shutdown initiated...
2023-03-14 23:02:26 [SpringApplicationShutdownHook] INFO  com.zaxxer.hikari.HikariDataSource - HikariPool-1 - Shutdown completed.
